<?xml version="1.0" encoding="UTF-8"?>
<testsuite name="edu.csula.storage.mysql.EventsDAOImplTest" tests="4" skipped="0" failures="0" errors="0" timestamp="2018-05-12T00:47:39" hostname="carlos-Inspiron-13-7353" time="0.494">
  <properties/>
  <testcase name="getAll" classname="edu.csula.storage.mysql.EventsDAOImplTest" time="0.397"/>
  <testcase name="getById" classname="edu.csula.storage.mysql.EventsDAOImplTest" time="0.091"/>
  <testcase name="add" classname="edu.csula.storage.mysql.EventsDAOImplTest" time="0.003"/>
  <testcase name="set" classname="edu.csula.storage.mysql.EventsDAOImplTest" time="0.002"/>
  <system-out><![CDATA[]]></system-out>
  <system-err><![CDATA[]]></system-err>
</testsuite>
